#
# A fatal error has been detected by the Java Runtime Environment:
#
#  EXCEPTION_ACCESS_VIOLATION (0xc0000005) at pc=0x000000005b48529b, pid=8072, tid=0x0000000000001750
#
# JRE version: Java(TM) SE Runtime Environment (8.0_221-b11) (build 1.8.0_221-b11)
# Java VM: Java HotSpot(TM) 64-Bit Server VM (25.221-b11 mixed mode windows-amd64 compressed oops)
# Problematic frame:
# V  [jvm.dll+0x11529b]
#
# Failed to write core dump. Minidumps are not enabled by default on client versions of Windows
#
# If you would like to submit a bug report, please visit:
#   http://bugreport.java.com/bugreport/crash.jsp
#

---------------  T H R E A D  ---------------

Current thread (0x0000000001dbc000):  GCTaskThread [stack: 0x0000000011820000,0x0000000011920000] [id=5968]

siginfo: ExceptionCode=0xc0000005, reading address 0x0000000000000090

Registers:
RAX=0x0000000011920000, RBX=0x00000000cdc7d0e8, RCX=0x0000000000000003, RDX=0x0000000000000001
RSP=0x000000001191f6a0, RBP=0x00000000cdd7d0cc, RSI=0x0000000001e8bed0, RDI=0x0000000001e8bed0
R8 =0x0000000000000088, R9 =0x00000001001790a8, R10=0x000000000000000c, R11=0x000000005b977738
R12=0x00000000cdd7d0e8, R13=0x00000001001792b8, R14=0x00000001001792c0, R15=0x00000000cdd7d0b0
RIP=0x000000005b48529b, EFLAGS=0x0000000000010206

Top of Stack: (sp=0x000000001191f6a0)
0x000000001191f6a0:   00000001001790a8 00000000cdd7d074
0x000000001191f6b0:   0000000001e8bed0 000000005b58e9d2
0x000000001191f6c0:   0000000000000000 0000000001dbca00
0x000000001191f6d0:   0000000001db0710 0000000000000003
0x000000001191f6e0:   00000000000001e7 000000005b76b8c0
0x000000001191f6f0:   0000000001e8bed0 0000000000000000
0x000000001191f700:   0000000001e8bed0 000000005b9cafd8
0x000000001191f710:   00000000cf1400c8 000000005b76f7f8
0x000000001191f720:   000000005bb95ce0 0000000000000006
0x000000001191f730:   0000000000000000 00000094000002fd
0x000000001191f740:   00000000cec10440 000000005b485336
0x000000001191f750:   00000000cf1400c8 0000000001db0710
0x000000001191f760:   0000000001dbca10 0000000001dbca00
0x000000001191f770:   000000005b9cafd8 0000000000000003
0x000000001191f780:   0000000016339c80 0000000000000000
0x000000001191f790:   0000000001e8bed0 000000005b76927f 

Instructions: (pc=0x000000005b48529b)
0x000000005b48527b:   70 00 84 d2 74 16 44 8b 43 08 8b 0d dd 45 69 00
0x000000005b48528b:   49 d3 e0 4c 03 05 cb 45 69 00 eb 04 4c 8b 43 08
0x000000005b48529b:   45 8b 48 08 45 85 c9 7e 0c 41 f6 c1 01 75 4b 41
0x000000005b4852ab:   c1 f9 03 eb 57 79 43 84 d2 41 8b c9 b8 10 00 00 


Register to memory mapping:

RAX=0x0000000011920000 is an unknown value
RBX=0x00000000cdc7d0e8 is pointing into object: 0x00000000cdc7d0d8
java.lang.String 
 - klass: 'java/lang/String'
RCX=0x0000000000000003 is an unknown value
RDX=0x0000000000000001 is an unknown value
RSP=0x000000001191f6a0 is an unknown value
RBP=0x00000000cdd7d0cc is pointing into object: 0x00000000cdd7d0b0
org.eclipse.aether.repository.RemoteRepository 
 - klass: 'org/eclipse/aether/repository/RemoteRepository'
RSI=0x0000000001e8bed0 is an unknown value
RDI=0x0000000001e8bed0 is an unknown value
R8 =0x0000000000000088 is an unknown value
R9 =0x00000001001790a8 is pointing into metadata
R10=0x000000000000000c is an unknown value
R11=0x000000005b977738 is an unknown value
R12=0x00000000cdd7d0e8 is an oop
java.lang.String 
 - klass: 'java/lang/String'
R13=0x00000001001792b8 is pointing into metadata
R14=0x00000001001792c0 is pointing into metadata
R15=0x00000000cdd7d0b0 is an oop
org.eclipse.aether.repository.RemoteRepository 
 - klass: 'org/eclipse/aether/repository/RemoteRepository'


Stack: [0x0000000011820000,0x0000000011920000],  sp=0x000000001191f6a0,  free space=1021k
Native frames: (J=compiled Java code, j=interpreted, Vv=VM code, C=native code)
V  [jvm.dll+0x11529b]
V  [jvm.dll+0x3fb8c0]
V  [jvm.dll+0x3f927f]
V  [jvm.dll+0x3f677e]
V  [jvm.dll+0x29fb8a]
C  [msvcr100.dll+0x21d9f]
C  [msvcr100.dll+0x21e3b]
C  [KERNEL32.DLL+0x15cd]
C  [ntdll.dll+0x743d1]


---------------  P R O C E S S  ---------------

Java Threads: ( => current thread )
  0x0000000016ba2000 JavaThread "Okio Watchdog" daemon [_thread_blocked, id=7848, stack(0x000000001c420000,0x000000001c520000)]
  0x0000000019817800 JavaThread "OkHttp ConnectionPool" daemon [_thread_blocked, id=6920, stack(0x000000001bf20000,0x000000001c020000)]
  0x00000000158e0800 JavaThread "Service Thread" daemon [_thread_blocked, id=9788, stack(0x0000000015cb0000,0x0000000015db0000)]
  0x0000000013e18000 JavaThread "C1 CompilerThread2" daemon [_thread_blocked, id=8304, stack(0x00000000157b0000,0x00000000158b0000)]
  0x0000000013e12800 JavaThread "C2 CompilerThread1" daemon [_thread_blocked, id=10016, stack(0x00000000156b0000,0x00000000157b0000)]
  0x0000000013e0f000 JavaThread "C2 CompilerThread0" daemon [_thread_blocked, id=6724, stack(0x00000000155b0000,0x00000000156b0000)]
  0x0000000013e0d800 JavaThread "Attach Listener" daemon [_thread_blocked, id=4256, stack(0x00000000154b0000,0x00000000155b0000)]
  0x0000000013e0a000 JavaThread "Signal Dispatcher" daemon [_thread_blocked, id=9572, stack(0x00000000153b0000,0x00000000154b0000)]
  0x0000000001e9a800 JavaThread "Finalizer" daemon [_thread_blocked, id=1532, stack(0x0000000015060000,0x0000000015160000)]
  0x0000000001e91800 JavaThread "Reference Handler" daemon [_thread_blocked, id=6396, stack(0x0000000014f60000,0x0000000015060000)]
  0x0000000001da2800 JavaThread "main" [_thread_blocked, id=4668, stack(0x0000000001ca0000,0x0000000001da0000)]

Other Threads:
  0x0000000013dd7800 VMThread [stack: 0x0000000014e60000,0x0000000014f60000] [id=4552]
  0x00000000158f9000 WatcherThread [stack: 0x0000000015db0000,0x0000000015eb0000] [id=6168]

=>0x0000000001dbc000 (exited) GCTaskThread [stack: 0x0000000011820000,0x0000000011920000] [id=5968]

VM state:at safepoint (normal execution)

VM Mutex/Monitor currently owned by a thread:  ([mutex/lock_event])
[0x0000000001c9dda0] Threads_lock - owner thread: 0x0000000013dd7800
[0x0000000001c9de20] Heap_lock - owner thread: 0x0000000001da2800

heap address: 0x00000000cca00000, size: 822 MB, Compressed Oops mode: 32-bit
Narrow klass base: 0x0000000000000000, Narrow klass shift: 3
Compressed class space size: 1073741824 Address: 0x0000000100000000

Heap:
 PSYoungGen      total 232960K, used 1184K [0x00000000eee00000, 0x00000000ffe80000, 0x0000000100000000)
  eden space 212992K, 0% used [0x00000000eee00000,0x00000000eee00000,0x00000000fbe00000)
  from space 19968K, 5% used [0x00000000fd180000,0x00000000fd2a8000,0x00000000fe500000)
  to   space 19968K, 0% used [0x00000000fbe00000,0x00000000fbe00000,0x00000000fd180000)
 ParOldGen       total 49152K, used 44836K [0x00000000cca00000, 0x00000000cfa00000, 0x00000000eee00000)
  object space 49152K, 91% used [0x00000000cca00000,0x00000000cf5c91f8,0x00000000cfa00000)
 Metaspace       used 30647K, capacity 31534K, committed 31744K, reserved 1077248K
  class space    used 3538K, capacity 3780K, committed 3840K, reserved 1048576K

Card table byte_map: [0x0000000011260000,0x0000000011400000] byte_map_base: 0x0000000010bfb000

Marking Bits: (ParMarkBitMap*) 0x000000005bb95ce0
 Begin Bits: [0x0000000011920000, 0x00000000125f8000)
 End Bits:   [0x00000000125f8000, 0x00000000132d0000)

Polling page: 0x0000000001b00000

CodeCache: size=245760Kb used=16181Kb max_used=16192Kb free=229578Kb
 bounds [0x0000000001ea0000, 0x0000000002e90000, 0x0000000010ea0000]
 total_blobs=5226 nmethods=4734 adapters=405
 compilation: enabled

Compilation events (10 events):
Event: 31.851 Thread 0x0000000013e12800 5405       4       java.util.Collections::addAll (43 bytes)
Event: 31.857 Thread 0x0000000013e0f000 5406       4       java.nio.CharBuffer::array (35 bytes)
Event: 31.923 Thread 0x0000000013e0f000 nmethod 5406 0x0000000002df8810 code [0x0000000002df8940, 0x0000000002df89d8]
Event: 31.923 Thread 0x0000000013e12800 nmethod 5405 0x0000000002e63450 code [0x0000000002e635a0, 0x0000000002e63978]
Event: 34.295 Thread 0x0000000013e18000 5399       3       sun.security.ssl.Authenticator::seqNumOverflow (85 bytes)
Event: 34.295 Thread 0x0000000013e18000 nmethod 5399 0x0000000002e62d90 code [0x0000000002e62f00, 0x0000000002e63310]
Event: 34.969 Thread 0x0000000013e12800 5455 %     4       java.util.HashMap::clear @ 33 (50 bytes)
Event: 34.971 Thread 0x0000000013e12800 nmethod 5455% 0x0000000002e629d0 code [0x0000000002e62b00, 0x0000000002e62c58]
Event: 35.728 Thread 0x0000000013e18000 5401       3       org.eclipse.aether.transfer.TransferEvent$Builder::build (9 bytes)
Event: 35.740 Thread 0x0000000013e18000 nmethod 5401 0x0000000002e80950 code [0x0000000002e80ac0, 0x0000000002e80ca8]

GC Heap History (10 events):
Event: 4.096 GC heap after
Heap after GC invocations=9 (full 0):
 PSYoungGen      total 114176K, used 11776K [0x00000000eee00000, 0x00000000fac00000, 0x0000000100000000)
  eden space 102400K, 0% used [0x00000000eee00000,0x00000000eee00000,0x00000000f5200000)
  from space 11776K, 100% used [0x00000000f5200000,0x00000000f5d80000,0x00000000f5d80000)
  to   space 15360K, 0% used [0x00000000f9d00000,0x00000000f9d00000,0x00000000fac00000)
 ParOldGen       total 35840K, used 17298K [0x00000000cca00000, 0x00000000ced00000, 0x00000000eee00000)
  object space 35840K, 48% used [0x00000000cca00000,0x00000000cdae4848,0x00000000ced00000)
 Metaspace       used 16704K, capacity 17110K, committed 17280K, reserved 1064960K
  class space    used 1963K, capacity 2097K, committed 2176K, reserved 1048576K
}
Event: 4.743 GC heap before
{Heap before GC invocations=10 (full 0):
 PSYoungGen      total 114176K, used 48828K [0x00000000eee00000, 0x00000000fac00000, 0x0000000100000000)
  eden space 102400K, 36% used [0x00000000eee00000,0x00000000f122f298,0x00000000f5200000)
  from space 11776K, 100% used [0x00000000f5200000,0x00000000f5d80000,0x00000000f5d80000)
  to   space 15360K, 0% used [0x00000000f9d00000,0x00000000f9d00000,0x00000000fac00000)
 ParOldGen       total 35840K, used 17298K [0x00000000cca00000, 0x00000000ced00000, 0x00000000eee00000)
  object space 35840K, 48% used [0x00000000cca00000,0x00000000cdae4848,0x00000000ced00000)
 Metaspace       used 20614K, capacity 21148K, committed 21296K, reserved 1069056K
  class space    used 2464K, capacity 2658K, committed 2688K, reserved 1048576K
Event: 4.761 GC heap after
Heap after GC invocations=10 (full 0):
 PSYoungGen      total 179200K, used 8609K [0x00000000eee00000, 0x00000000fac00000, 0x0000000100000000)
  eden space 163840K, 0% used [0x00000000eee00000,0x00000000eee00000,0x00000000f8e00000)
  from space 15360K, 56% used [0x00000000f9d00000,0x00000000fa5684e8,0x00000000fac00000)
  to   space 15360K, 0% used [0x00000000f8e00000,0x00000000f8e00000,0x00000000f9d00000)
 ParOldGen       total 35840K, used 23488K [0x00000000cca00000, 0x00000000ced00000, 0x00000000eee00000)
  object space 35840K, 65% used [0x00000000cca00000,0x00000000ce0f0318,0x00000000ced00000)
 Metaspace       used 20614K, capacity 21148K, committed 21296K, reserved 1069056K
  class space    used 2464K, capacity 2658K, committed 2688K, reserved 1048576K
}
Event: 4.761 GC heap before
{Heap before GC invocations=11 (full 1):
 PSYoungGen      total 179200K, used 8609K [0x00000000eee00000, 0x00000000fac00000, 0x0000000100000000)
  eden space 163840K, 0% used [0x00000000eee00000,0x00000000eee00000,0x00000000f8e00000)
  from space 15360K, 56% used [0x00000000f9d00000,0x00000000fa5684e8,0x00000000fac00000)
  to   space 15360K, 0% used [0x00000000f8e00000,0x00000000f8e00000,0x00000000f9d00000)
 ParOldGen       total 35840K, used 23488K [0x00000000cca00000, 0x00000000ced00000, 0x00000000eee00000)
  object space 35840K, 65% used [0x00000000cca00000,0x00000000ce0f0318,0x00000000ced00000)
 Metaspace       used 20614K, capacity 21148K, committed 21296K, reserved 1069056K
  class space    used 2464K, capacity 2658K, committed 2688K, reserved 1048576K
Event: 4.883 GC heap after
Heap after GC invocations=11 (full 1):
 PSYoungGen      total 179200K, used 0K [0x00000000eee00000, 0x00000000fac00000, 0x0000000100000000)
  eden space 163840K, 0% used [0x00000000eee00000,0x00000000eee00000,0x00000000f8e00000)
  from space 15360K, 0% used [0x00000000f9d00000,0x00000000f9d00000,0x00000000fac00000)
  to   space 15360K, 0% used [0x00000000f8e00000,0x00000000f8e00000,0x00000000f9d00000)
 ParOldGen       total 49152K, used 23015K [0x00000000cca00000, 0x00000000cfa00000, 0x00000000eee00000)
  object space 49152K, 46% used [0x00000000cca00000,0x00000000ce079e68,0x00000000cfa00000)
 Metaspace       used 20614K, capacity 21148K, committed 21296K, reserved 1069056K
  class space    used 2464K, capacity 2658K, committed 2688K, reserved 1048576K
}
Event: 10.729 GC heap before
{Heap before GC invocations=12 (full 1):
 PSYoungGen      total 179200K, used 163048K [0x00000000eee00000, 0x00000000fac00000, 0x0000000100000000)
  eden space 163840K, 99% used [0x00000000eee00000,0x00000000f8d3a2d0,0x00000000f8e00000)
  from space 15360K, 0% used [0x00000000f9d00000,0x00000000f9d00000,0x00000000fac00000)
  to   space 15360K, 0% used [0x00000000f8e00000,0x00000000f8e00000,0x00000000f9d00000)
 ParOldGen       total 49152K, used 23015K [0x00000000cca00000, 0x00000000cfa00000, 0x00000000eee00000)
  object space 49152K, 46% used [0x00000000cca00000,0x00000000ce079e68,0x00000000cfa00000)
 Metaspace       used 30409K, capacity 31208K, committed 31488K, reserved 1077248K
  class space    used 3538K, capacity 3779K, committed 3840K, reserved 1048576K
Event: 10.756 GC heap after
Heap after GC invocations=12 (full 1):
 PSYoungGen      total 179200K, used 15331K [0x00000000eee00000, 0x00000000fe500000, 0x0000000100000000)
  eden space 163840K, 0% used [0x00000000eee00000,0x00000000eee00000,0x00000000f8e00000)
  from space 15360K, 99% used [0x00000000f8e00000,0x00000000f9cf8eb8,0x00000000f9d00000)
  to   space 19968K, 0% used [0x00000000fd180000,0x00000000fd180000,0x00000000fe500000)
 ParOldGen       total 49152K, used 29590K [0x00000000cca00000, 0x00000000cfa00000, 0x00000000eee00000)
  object space 49152K, 60% used [0x00000000cca00000,0x00000000ce6e5858,0x00000000cfa00000)
 Metaspace       used 30409K, capacity 31208K, committed 31488K, reserved 1077248K
  class space    used 3538K, capacity 3779K, committed 3840K, reserved 1048576K
}
Event: 35.865 GC heap before
{Heap before GC invocations=13 (full 1):
 PSYoungGen      total 179200K, used 179171K [0x00000000eee00000, 0x00000000fe500000, 0x0000000100000000)
  eden space 163840K, 100% used [0x00000000eee00000,0x00000000f8e00000,0x00000000f8e00000)
  from space 15360K, 99% used [0x00000000f8e00000,0x00000000f9cf8eb8,0x00000000f9d00000)
  to   space 19968K, 0% used [0x00000000fd180000,0x00000000fd180000,0x00000000fe500000)
 ParOldGen       total 49152K, used 29590K [0x00000000cca00000, 0x00000000cfa00000, 0x00000000eee00000)
  object space 49152K, 60% used [0x00000000cca00000,0x00000000ce6e5858,0x00000000cfa00000)
 Metaspace       used 30647K, capacity 31534K, committed 31744K, reserved 1077248K
  class space    used 3538K, capacity 3780K, committed 3840K, reserved 1048576K
Event: 44.755 GC heap after
Heap after GC invocations=13 (full 1):
 PSYoungGen      total 232960K, used 1184K [0x00000000eee00000, 0x00000000ffe80000, 0x0000000100000000)
  eden space 212992K, 0% used [0x00000000eee00000,0x00000000eee00000,0x00000000fbe00000)
  from space 19968K, 5% used [0x00000000fd180000,0x00000000fd2a8000,0x00000000fe500000)
  to   space 19968K, 0% used [0x00000000fbe00000,0x00000000fbe00000,0x00000000fd180000)
 ParOldGen       total 49152K, used 44836K [0x00000000cca00000, 0x00000000cfa00000, 0x00000000eee00000)
  object space 49152K, 91% used [0x00000000cca00000,0x00000000cf5c91f8,0x00000000cfa00000)
 Metaspace       used 30647K, capacity 31534K, committed 31744K, reserved 1077248K
  class space    used 3538K, capacity 3780K, committed 3840K, reserved 1048576K
}
Event: 44.763 GC heap before
{Heap before GC invocations=14 (full 2):
 PSYoungGen      total 232960K, used 1184K [0x00000000eee00000, 0x00000000ffe80000, 0x0000000100000000)
  eden space 212992K, 0% used [0x00000000eee00000,0x00000000eee00000,0x00000000fbe00000)
  from space 19968K, 5% used [0x00000000fd180000,0x00000000fd2a8000,0x00000000fe500000)
  to   space 19968K, 0% used [0x00000000fbe00000,0x00000000fbe00000,0x00000000fd180000)
 ParOldGen       total 49152K, used 44836K [0x00000000cca00000, 0x00000000cfa00000, 0x00000000eee00000)
  object space 49152K, 91% used [0x00000000cca00000,0x00000000cf5c91f8,0x00000000cfa00000)
 Metaspace       used 30647K, capacity 31534K, committed 31744K, reserved 1077248K
  class space    used 3538K, capacity 3780K, committed 3840K, reserved 1048576K

Deoptimization events (10 events):
Event: 10.461 Thread 0x0000000001da2800 Uncommon trap: reason=class_check action=maybe_recompile pc=0x0000000002cc9bb0 method=java.util.Collections$UnmodifiableMap$UnmodifiableEntrySet$UnmodifiableEntry.<init>(Ljava/util/Map$Entry;)V @ 9
Event: 10.461 Thread 0x0000000001da2800 Uncommon trap: reason=class_check action=maybe_recompile pc=0x0000000002cc9bb0 method=java.util.Collections$UnmodifiableMap$UnmodifiableEntrySet$UnmodifiableEntry.<init>(Ljava/util/Map$Entry;)V @ 9
Event: 10.461 Thread 0x0000000001da2800 Uncommon trap: reason=class_check action=maybe_recompile pc=0x0000000002cc9bb0 method=java.util.Collections$UnmodifiableMap$UnmodifiableEntrySet$UnmodifiableEntry.<init>(Ljava/util/Map$Entry;)V @ 9
Event: 10.461 Thread 0x0000000001da2800 Uncommon trap: reason=class_check action=maybe_recompile pc=0x0000000002cc9bb0 method=java.util.Collections$UnmodifiableMap$UnmodifiableEntrySet$UnmodifiableEntry.<init>(Ljava/util/Map$Entry;)V @ 9
Event: 22.008 Thread 0x0000000001da2800 Uncommon trap: reason=null_check action=make_not_entrant pc=0x0000000002db2e2c method=org.codehaus.plexus.util.xml.Xpp3Dom.mergeIntoXpp3Dom(Lorg/codehaus/plexus/util/xml/Xpp3Dom;Lorg/codehaus/plexus/util/xml/Xpp3Dom;Ljava/lang/Boolean;)V @ 19
Event: 22.553 Thread 0x0000000001da2800 Uncommon trap: reason=unstable_if action=reinterpret pc=0x00000000024334fc method=org.apache.maven.model.merge.ModelMerger.mergePlugin_GroupId(Lorg/apache/maven/model/Plugin;Lorg/apache/maven/model/Plugin;ZLjava/util/Map;)V @ 12
Event: 29.073 Thread 0x0000000001da2800 Uncommon trap: reason=unstable_if action=reinterpret pc=0x00000000028781c0 method=com.sun.crypto.provider.GaloisCounterMode.increment32([B)V @ 39
Event: 29.128 Thread 0x0000000001da2800 Uncommon trap: reason=unstable_if action=reinterpret pc=0x000000000281dc90 method=com.sun.crypto.provider.GaloisCounterMode.increment32([B)V @ 39
Event: 29.176 Thread 0x0000000001da2800 Uncommon trap: reason=unstable_if action=reinterpret pc=0x0000000002b3aecc method=com.sun.crypto.provider.GaloisCounterMode.increment32([B)V @ 39
Event: 29.811 Thread 0x0000000001da2800 Uncommon trap: reason=null_check action=make_not_entrant pc=0x0000000002e07fe0 method=org.codehaus.plexus.util.xml.Xpp3Dom.mergeIntoXpp3Dom(Lorg/codehaus/plexus/util/xml/Xpp3Dom;Lorg/codehaus/plexus/util/xml/Xpp3Dom;Ljava/lang/Boolean;)V @ 164

Classes redefined (0 events):
No events

Internal exceptions (10 events):
Event: 35.162 Thread 0x0000000001da2800 Implicit null exception at 0x0000000002dbe6c1 to 0x0000000002dc1b90
Event: 35.162 Thread 0x0000000001da2800 Exception <a 'java/lang/NullPointerException'> (0x00000000f8b2d528) thrown at [C:\re\workspace\8-2-build-windows-amd64-cygwin\jdk8u221\13320\hotspot\src\share\vm\runtime\sharedRuntime.cpp, line 605]
Event: 35.162 Thread 0x0000000001da2800 Implicit null exception at 0x0000000002dbe6c1 to 0x0000000002dc1b90
Event: 35.162 Thread 0x0000000001da2800 Exception <a 'java/lang/NullPointerException'> (0x00000000f8b2d928) thrown at [C:\re\workspace\8-2-build-windows-amd64-cygwin\jdk8u221\13320\hotspot\src\share\vm\runtime\sharedRuntime.cpp, line 605]
Event: 35.162 Thread 0x0000000001da2800 Implicit null exception at 0x0000000002dbe6c1 to 0x0000000002dc1b90
Event: 35.162 Thread 0x0000000001da2800 Exception <a 'java/lang/NullPointerException'> (0x00000000f8b2e2e0) thrown at [C:\re\workspace\8-2-build-windows-amd64-cygwin\jdk8u221\13320\hotspot\src\share\vm\runtime\sharedRuntime.cpp, line 605]
Event: 35.162 Thread 0x0000000001da2800 Implicit null exception at 0x0000000002dbe6c1 to 0x0000000002dc1b90
Event: 35.162 Thread 0x0000000001da2800 Exception <a 'java/lang/NullPointerException'> (0x00000000f8b2e6e0) thrown at [C:\re\workspace\8-2-build-windows-amd64-cygwin\jdk8u221\13320\hotspot\src\share\vm\runtime\sharedRuntime.cpp, line 605]
Event: 35.162 Thread 0x0000000001da2800 Implicit null exception at 0x0000000002dbe6c1 to 0x0000000002dc1b90
Event: 35.162 Thread 0x0000000001da2800 Exception <a 'java/lang/NullPointerException'> (0x00000000f8b2eae0) thrown at [C:\re\workspace\8-2-build-windows-amd64-cygwin\jdk8u221\13320\hotspot\src\share\vm\runtime\sharedRuntime.cpp, line 605]

Events (10 events):
Event: 29.176 Thread 0x0000000001da2800 DEOPT UNPACKING pc=0x0000000001ee583b sp=0x0000000001d9b300 mode 2
Event: 29.176 Thread 0x0000000001da2800 Uncommon trap: trap_request=0xffffff65 fr.pc=0x0000000002b3aecc
Event: 29.176 Thread 0x0000000001da2800 DEOPT PACKING pc=0x0000000002b3aecc sp=0x0000000001d9b340
Event: 29.205 Thread 0x0000000001da2800 DEOPT UNPACKING pc=0x0000000001ee583b sp=0x0000000001d9b2f0 mode 2
Event: 29.811 Thread 0x0000000001da2800 Uncommon trap: trap_request=0xfffffff4 fr.pc=0x0000000002e07fe0
Event: 29.811 Thread 0x0000000001da2800 DEOPT PACKING pc=0x0000000002e07fe0 sp=0x0000000001d9c3d0
Event: 29.811 Thread 0x0000000001da2800 DEOPT UNPACKING pc=0x0000000001ee583b sp=0x0000000001d9c3c8 mode 2
Event: 30.878 Thread 0x0000000001da2800 DEOPT PACKING pc=0x0000000002dfd8e4 sp=0x0000000001d9a310
Event: 30.878 Thread 0x0000000001da2800 DEOPT UNPACKING pc=0x0000000001ee7490 sp=0x0000000001d9a048 mode 0
Event: 35.825 Executing VM operation: ParallelGCFailedAllocation


Dynamic libraries:
0x00007ff715ab0000 - 0x00007ff715ae7000 	C:\Program Files\Java\jdk1.8.0_221\bin\javaw.exe
0x00007ff9d7a60000 - 0x00007ff9d7c09000 	C:\Windows\SYSTEM32\ntdll.dll
0x00007ff9d5550000 - 0x00007ff9d5689000 	C:\Windows\system32\KERNEL32.DLL
0x00007ff9d5190000 - 0x00007ff9d529e000 	C:\Windows\system32\KERNELBASE.dll
0x00007ff9d3a00000 - 0x00007ff9d3a8b000 	C:\Windows\system32\apphelp.dll
0x00007ff9bec90000 - 0x00007ff9becdf000 	C:\Windows\AppPatch\AppPatch64\AcGenral.DLL
0x00007ff9d57e0000 - 0x00007ff9d5887000 	C:\Windows\system32\msvcrt.dll
0x00007ff9d4c90000 - 0x00007ff9d4cbb000 	C:\Windows\SYSTEM32\SspiCli.dll
0x00007ff9d7540000 - 0x00007ff9d7591000 	C:\Windows\system32\SHLWAPI.dll
0x00007ff9d5b80000 - 0x00007ff9d5cf1000 	C:\Windows\system32\USER32.dll
0x00007ff9d71c0000 - 0x00007ff9d7336000 	C:\Windows\system32\ole32.dll
0x00007ff9d5db0000 - 0x00007ff9d71bf000 	C:\Windows\system32\SHELL32.dll
0x00007ff9d4430000 - 0x00007ff9d444f000 	C:\Windows\SYSTEM32\USERENV.dll
0x00007ff9d5a10000 - 0x00007ff9d5ab5000 	C:\Windows\system32\ADVAPI32.dll
0x00007ff9bcc80000 - 0x00007ff9bcc9b000 	C:\Windows\SYSTEM32\MPR.dll
0x00007ff9d75a0000 - 0x00007ff9d76d6000 	C:\Windows\system32\RPCRT4.dll
0x00007ff9d76e0000 - 0x00007ff9d7737000 	C:\Windows\SYSTEM32\sechost.dll
0x00007ff9d52f0000 - 0x00007ff9d54c7000 	C:\Windows\SYSTEM32\combase.dll
0x00007ff9d5690000 - 0x00007ff9d57d5000 	C:\Windows\system32\GDI32.dll
0x00007ff9d4de0000 - 0x00007ff9d4df4000 	C:\Windows\SYSTEM32\profapi.dll
0x00007ff9d3410000 - 0x00007ff9d34b1000 	C:\Windows\SYSTEM32\SHCORE.dll
0x00007ff9d7500000 - 0x00007ff9d7534000 	C:\Windows\system32\IMM32.DLL
0x00007ff9d7740000 - 0x00007ff9d7878000 	C:\Windows\system32\MSCTF.dll
0x00007ff9d2a00000 - 0x00007ff9d2c5a000 	C:\Windows\WinSxS\amd64_microsoft.windows.common-controls_6595b64144ccf1df_6.0.9600.16384_none_62475f7becb72503\COMCTL32.dll
0x000000005dc70000 - 0x000000005dd42000 	C:\Program Files\Java\jdk1.8.0_221\jre\bin\msvcr100.dll
0x000000005b370000 - 0x000000005bc15000 	C:\Program Files\Java\jdk1.8.0_221\jre\bin\server\jvm.dll
0x00007ff9d3be0000 - 0x00007ff9d3be9000 	C:\Windows\SYSTEM32\WSOCK32.dll
0x00007ff9d3090000 - 0x00007ff9d30af000 	C:\Windows\SYSTEM32\WINMM.dll
0x00007ff9d2d30000 - 0x00007ff9d2d3a000 	C:\Windows\SYSTEM32\VERSION.dll
0x00007ff9d54d0000 - 0x00007ff9d54d7000 	C:\Windows\system32\PSAPI.DLL
0x00007ff9d54f0000 - 0x00007ff9d5548000 	C:\Windows\system32\WS2_32.dll
0x00007ff9d1ff0000 - 0x00007ff9d201a000 	C:\Windows\SYSTEM32\WINMMBASE.dll
0x00007ff9d5a00000 - 0x00007ff9d5a09000 	C:\Windows\system32\NSI.dll
0x00007ff9d4eb0000 - 0x00007ff9d4efa000 	C:\Windows\SYSTEM32\cfgmgr32.dll
0x00007ff9d3c70000 - 0x00007ff9d3c96000 	C:\Windows\SYSTEM32\DEVOBJ.dll
0x00007ff9d2da0000 - 0x00007ff9d2daf000 	C:\Program Files\Java\jdk1.8.0_221\jre\bin\verify.dll
0x00007ff9be920000 - 0x00007ff9be949000 	C:\Program Files\Java\jdk1.8.0_221\jre\bin\java.dll
0x00007ff9bcce0000 - 0x00007ff9bccf6000 	C:\Program Files\Java\jdk1.8.0_221\jre\bin\zip.dll
0x00007ff9d4730000 - 0x00007ff9d474e000 	C:\Windows\SYSTEM32\CRYPTSP.dll
0x00007ff9d4990000 - 0x00007ff9d49c5000 	C:\Windows\system32\rsaenh.dll
0x00007ff9d4960000 - 0x00007ff9d4986000 	C:\Windows\SYSTEM32\bcrypt.dll
0x00007ff9d4cc0000 - 0x00007ff9d4d1e000 	C:\Windows\system32\bcryptprimitives.dll
0x00007ff9d4d20000 - 0x00007ff9d4d2a000 	C:\Windows\SYSTEM32\CRYPTBASE.dll
0x00007ff9bccc0000 - 0x00007ff9bccda000 	C:\Program Files\Java\jdk1.8.0_221\jre\bin\net.dll
0x00007ff9cf5b0000 - 0x00007ff9cf70f000 	C:\Windows\SYSTEM32\urlmon.dll
0x00007ff9cf300000 - 0x00007ff9cf5a9000 	C:\Windows\SYSTEM32\iertutil.dll
0x00007ff9cf0c0000 - 0x00007ff9cf300000 	C:\Windows\SYSTEM32\WININET.dll
0x00007ff9d46d0000 - 0x00007ff9d4728000 	C:\Windows\system32\mswsock.dll
0x00007ff9d0540000 - 0x00007ff9d0569000 	C:\Windows\SYSTEM32\IPHLPAPI.DLL
0x00007ff9d0520000 - 0x00007ff9d052a000 	C:\Windows\SYSTEM32\WINNSI.DLL
0x00007ff9d02f0000 - 0x00007ff9d0304000 	C:\Windows\SYSTEM32\dhcpcsvc6.DLL
0x00007ff9d02d0000 - 0x00007ff9d02e9000 	C:\Windows\SYSTEM32\dhcpcsvc.DLL
0x00007ff9b3650000 - 0x00007ff9b3662000 	C:\Program Files\Java\jdk1.8.0_221\jre\bin\nio.dll
0x00007ff9d28c0000 - 0x00007ff9d28ca000 	C:\Users\Kishore Prakash\AppData\Local\Temp\jansi-1.17.1-9121388216747787964.dll
0x00007ff9d31b0000 - 0x00007ff9d31bd000 	C:\Program Files\Java\jdk1.8.0_221\jre\bin\management.dll
0x00007ff9b66d0000 - 0x00007ff9b66e4000 	C:\Windows\system32\napinsp.dll
0x00007ff9b3130000 - 0x00007ff9b3149000 	C:\Windows\system32\pnrpnsp.dll
0x00007ff9d0a70000 - 0x00007ff9d0a89000 	C:\Windows\system32\NLAapi.dll
0x00007ff9d44e0000 - 0x00007ff9d4583000 	C:\Windows\SYSTEM32\DNSAPI.dll
0x00007ff9bf100000 - 0x00007ff9bf10c000 	C:\Windows\System32\winrnr.dll
0x0000000063560000 - 0x0000000063569000 	C:\Program Files\National Instruments\Shared\mDNS Responder\nimdnsNSP.dll
0x0000000063550000 - 0x000000006355c000 	C:\Windows\SYSTEM32\nimdnsResponder.dll
0x0000000060000000 - 0x00000000600a3000 	C:\Windows\WinSxS\amd64_microsoft.vc90.crt_1fc8b3b9a1e18e3b_9.0.30729.8387_none_08e793bfa83a89b5\MSVCR90.dll
0x00007ff9c6f20000 - 0x00007ff9c6f29000 	C:\Windows\System32\rasadhlp.dll
0x00007ff9d0320000 - 0x00007ff9d0387000 	C:\Windows\System32\fwpuclnt.dll
0x00007ff9aec00000 - 0x00007ff9aec24000 	C:\Program Files\Java\jdk1.8.0_221\jre\bin\sunec.dll
0x00007ff9d31a0000 - 0x00007ff9d31ab000 	C:\Program Files\Java\jdk1.8.0_221\jre\bin\sunmscapi.dll
0x00007ff9d4f00000 - 0x00007ff9d50d7000 	C:\Windows\system32\CRYPT32.dll
0x00007ff9d4e90000 - 0x00007ff9d4ea2000 	C:\Windows\system32\MSASN1.dll
0x00007ff9cd850000 - 0x00007ff9cd9d8000 	C:\Windows\SYSTEM32\dbghelp.dll

VM Arguments:
jvm_args: -Dmaven.home=EMBEDDED -Dclassworlds.conf=C:\Users\Kishore Prakash\Documents\workspace-sts-3.9.9.RELEASE\.metadata\.plugins\org.eclipse.m2e.launching\launches\m2conf7000868593779239313.tmp -Dmaven.multiModuleProjectDirectory=C:\Users\Kishore Prakash\Downloads\order-management\order-management -Djansi.force=true -Djansi.passthrough=true -Dfile.encoding=Cp1252 
java_command: org.codehaus.plexus.classworlds.launcher.Launcher -B clean install -Dstyle.color=always
java_class_path (initial): C:\Users\Kishore Prakash\Downloads\spring-tool-suite-3.9.9.RELEASE-e4.12.0-win32-x86_64\sts-bundle\sts-3.9.9.RELEASE\plugins\org.eclipse.m2e.maven.runtime_1.12.0.20190529-1915\jars\plexus-classworlds-2.6.0.jar
Launcher Type: SUN_STANDARD

Environment Variables:
JAVA_HOME=C:\Program Files\Java\jdk1.7.0_79
PATH=C:/Program Files/Java/jre/bin/server;C:/Program Files/Java/jre/bin;C:/Program Files/Java/jre/lib/amd64;C:\Program Files (x86)\Common Files\Oracle\Java\javapath;C:\ProgramData\Oracle\Java\javapath;C:\Program Files (x86)\AMD APP\bin\x86_64;C:\Program Files (x86)\AMD APP\bin\x86;C:\Windows\system32;C:\Windows;C:\Windows\System32\Wbem;C:\Windows\System32\WindowsPowerShell\v1.0\;C:\Program Files (x86)\ATI Technologies\ATI.ACE\Core-Static;C:\New folder (2)\bin\nt;F:\Development\Programs\maven\bin;C:\Users\Kishore Prakash\Downloads\spring-tool-suite-3.9.9.RELEASE-e4.12.0-win32-x86_64\sts-bundle\sts-3.9.9.RELEASE;
USERNAME=Kishore Prakash
OS=Windows_NT
PROCESSOR_IDENTIFIER=AMD64 Family 21 Model 19 Stepping 1, AuthenticAMD



---------------  S Y S T E M  ---------------

OS: Windows 8.1 , 64 bit Build 9600 (6.3.9600.16441)

CPU:total 4 (initial active 4) (4 cores per cpu, 1 threads per core) family 21 model 19 stepping 1, cmov, cx8, fxsr, mmx, sse, sse2, sse3, ssse3, sse4.1, sse4.2, popcnt, avx, aes, clmul, mmxext, 3dnowpref, lzcnt, sse4a, tsc, tscinvbit, tscinv, bmi1

Memory: 4k page, physical 3365776k(226008k free), swap 5334896k(673612k free)

vm_info: Java HotSpot(TM) 64-Bit Server VM (25.221-b11) for windows-amd64 JRE (1.8.0_221-b11), built on Jul  4 2019 04:39:29 by "java_re" with MS VC++ 10.0 (VS2010)

time: Sat Sep 14 08:42:43 2019
timezone: India Standard Time
elapsed time: 48 seconds (0d 0h 0m 48s)

